2017-06-05 22:41:19 [scrapy.utils.log] INFO: Scrapy 1.3.3 started (bot: scrapytest)
2017-06-05 22:41:19 [scrapy.utils.log] INFO: Overridden settings: {'BOT_NAME': 'scrapytest', 'LOG_FILE': 'info0605.log', 'NEWSPIDER_MODULE': 'scrapytest.spiders', 'ROBOTSTXT_OBEY': True, 'SPIDER_MODULES': ['scrapytest.spiders']}
2017-06-05 22:41:19 [scrapy.middleware] INFO: Enabled extensions:
['scrapy.extensions.corestats.CoreStats',
 'scrapy.extensions.telnet.TelnetConsole',
 'scrapy.extensions.logstats.LogStats']
2017-06-05 22:41:20 [scrapy.middleware] INFO: Enabled downloader middlewares:
['scrapy.downloadermiddlewares.robotstxt.RobotsTxtMiddleware',
 'scrapy.downloadermiddlewares.httpauth.HttpAuthMiddleware',
 'scrapy.downloadermiddlewares.downloadtimeout.DownloadTimeoutMiddleware',
 'scrapy.downloadermiddlewares.defaultheaders.DefaultHeadersMiddleware',
 'scrapy.downloadermiddlewares.useragent.UserAgentMiddleware',
 'scrapy.downloadermiddlewares.retry.RetryMiddleware',
 'scrapy.downloadermiddlewares.redirect.MetaRefreshMiddleware',
 'scrapy.downloadermiddlewares.httpcompression.HttpCompressionMiddleware',
 'scrapy.downloadermiddlewares.redirect.RedirectMiddleware',
 'scrapy.downloadermiddlewares.cookies.CookiesMiddleware',
 'scrapy.downloadermiddlewares.stats.DownloaderStats']
2017-06-05 22:41:20 [scrapy.middleware] INFO: Enabled spider middlewares:
['scrapy.spidermiddlewares.httperror.HttpErrorMiddleware',
 'scrapy.spidermiddlewares.offsite.OffsiteMiddleware',
 'scrapy.spidermiddlewares.referer.RefererMiddleware',
 'scrapy.spidermiddlewares.urllength.UrlLengthMiddleware',
 'scrapy.spidermiddlewares.depth.DepthMiddleware']
2017-06-05 22:41:20 [scrapy.middleware] INFO: Enabled item pipelines:
['scrapytest.pipelines.axespipeline']
2017-06-05 22:41:20 [scrapy.core.engine] INFO: Spider opened
2017-06-05 22:41:20 [scrapy.extensions.logstats] INFO: Crawled 0 pages (at 0 pages/min), scraped 0 items (at 0 items/min)
2017-06-05 22:41:20 [scrapy.extensions.telnet] DEBUG: Telnet console listening on 127.0.0.1:6023
2017-06-05 22:41:21 [scrapy.downloadermiddlewares.redirect] DEBUG: Redirecting (302) to <GET http://shop.axesfemme.com/Form/Error.aspx?errkbn=ERRMSG_404_ERROR> from <GET http://shop.axesfemme.com/robots.txt>
2017-06-05 22:41:22 [scrapy.core.engine] DEBUG: Crawled (200) <GET http://shop.axesfemme.com/Form/Error.aspx?errkbn=ERRMSG_404_ERROR> (referer: None)
2017-06-05 22:41:27 [scrapy.core.engine] DEBUG: Crawled (200) <GET http://shop.axesfemme.com/Form/Product/ProductList.aspx?shop=0&cat=&bid=poetique&pid=&vid=&udns=0&swrd=&img=2&sort=07&cicon=&min=&max=&pno=1&dosp=> (referer: None)
2017-06-05 22:41:29 [scrapy.core.engine] DEBUG: Crawled (200) <GET http://shop.axesfemme.com/Form/Product/ProductList.aspx?shop=0&cat=&bid=poetique&pid=&vid=&udns=0&swrd=&img=2&sort=07&cicon=&min=&max=&pno=1&dosp5> (referer: http://shop.axesfemme.com/Form/Product/ProductList.aspx?shop=0&cat=&bid=poetique&pid=&vid=&udns=0&swrd=&img=2&sort=07&cicon=&min=&max=&pno=1&dosp=)
2017-06-05 22:41:29 [scrapy.core.engine] DEBUG: Crawled (200) <GET http://shop.axesfemme.com/poetique-%e3%82%b9%e3%82%ab%e3%83%a9%e3%83%83%e3%83%97%e3%83%87%e3%82%b6%e3%82%a4%e3%83%b3%e3%82%b9%e3%82%ab%e3%83%bc%e3%83%88/brandproduct/poetique/0/GG281X10P/?cat=250&swrd=> (referer: http://shop.axesfemme.com/Form/Product/ProductList.aspx?shop=0&cat=&bid=poetique&pid=&vid=&udns=0&swrd=&img=2&sort=07&cicon=&min=&max=&pno=1&dosp5)
2017-06-05 22:41:30 [scrapy.core.engine] DEBUG: Crawled (200) <GET http://shop.axesfemme.com/Form/Product/ProductList.aspx?shop=0&cat=&bid=poetique&pid=&vid=&udns=0&swrd=&img=2&sort=07&cicon=&min=&max=&pno=1&dosp6> (referer: http://shop.axesfemme.com/Form/Product/ProductList.aspx?shop=0&cat=&bid=poetique&pid=&vid=&udns=0&swrd=&img=2&sort=07&cicon=&min=&max=&pno=1&dosp=)
2017-06-05 22:41:30 [scrapy.core.scraper] ERROR: Spider error processing <GET http://shop.axesfemme.com/poetique-%e3%82%b9%e3%82%ab%e3%83%a9%e3%83%83%e3%83%97%e3%83%87%e3%82%b6%e3%82%a4%e3%83%b3%e3%82%b9%e3%82%ab%e3%83%bc%e3%83%88/brandproduct/poetique/0/GG281X10P/?cat=250&swrd=> (referer: http://shop.axesfemme.com/Form/Product/ProductList.aspx?shop=0&cat=&bid=poetique&pid=&vid=&udns=0&swrd=&img=2&sort=07&cicon=&min=&max=&pno=1&dosp5)
Traceback (most recent call last):
  File "c:\users\kristy\appdata\local\programs\python\python36-32\lib\site-packages\scrapy\utils\defer.py", line 102, in iter_errback
    yield next(it)
  File "c:\users\kristy\appdata\local\programs\python\python36-32\lib\site-packages\scrapy\spidermiddlewares\offsite.py", line 29, in process_spider_output
    for x in result:
  File "c:\users\kristy\appdata\local\programs\python\python36-32\lib\site-packages\scrapy\spidermiddlewares\referer.py", line 22, in <genexpr>
    return (_set_referer(r) for r in result or ())
  File "c:\users\kristy\appdata\local\programs\python\python36-32\lib\site-packages\scrapy\spidermiddlewares\urllength.py", line 37, in <genexpr>
    return (r for r in result or () if _filter(r))
  File "c:\users\kristy\appdata\local\programs\python\python36-32\lib\site-packages\scrapy\spidermiddlewares\depth.py", line 58, in <genexpr>
    return (r for r in result or () if _filter(r))
  File "C:\Users\Kristy\PycharmProjects\study\scrapytest\scrapytest\spiders\oj1.py", line 64, in parse_item
    typ = axes_type.axes_type.type(typenum)
TypeError: type() missing 1 required positional argument: 'code'
2017-06-05 22:41:30 [scrapy.dupefilters] DEBUG: Filtered duplicate request: <GET http://shop.axesfemme.com/poetique-%e3%82%b9%e3%82%ab%e3%83%a9%e3%83%83%e3%83%97%e3%83%87%e3%82%b6%e3%82%a4%e3%83%b3%e3%82%b9%e3%82%ab%e3%83%bc%e3%83%88/brandproduct/poetique/0/GG281X10P/?cat=250&swrd=> - no more duplicates will be shown (see DUPEFILTER_DEBUG to show all duplicates)
2017-06-05 22:41:30 [scrapy.core.engine] DEBUG: Crawled (200) <GET http://shop.axesfemme.com/poetique-%e3%82%b7%e3%83%ab%e3%82%a8%e3%83%83%e3%83%88%e6%9f%84%e5%ae%9d%e7%ae%b1%ef%bc%a2%ef%bc%a1%ef%bc%a7/brandproduct/poetique/0/GR612X05/?cat=&swrd=> (referer: http://shop.axesfemme.com/Form/Product/ProductList.aspx?shop=0&cat=&bid=poetique&pid=&vid=&udns=0&swrd=&img=2&sort=07&cicon=&min=&max=&pno=1&dosp5)
2017-06-05 22:41:30 [scrapy.core.engine] DEBUG: Crawled (200) <GET http://shop.axesfemme.com/Form/Product/ProductList.aspx?shop=0&cat=&bid=poetique&pid=&vid=&udns=0&swrd=&img=2&sort=07&cicon=&min=&max=&pno=1&dosp4> (referer: http://shop.axesfemme.com/Form/Product/ProductList.aspx?shop=0&cat=&bid=poetique&pid=&vid=&udns=0&swrd=&img=2&sort=07&cicon=&min=&max=&pno=1&dosp=)
2017-06-05 22:41:30 [scrapy.core.scraper] ERROR: Spider error processing <GET http://shop.axesfemme.com/poetique-%e3%82%b7%e3%83%ab%e3%82%a8%e3%83%83%e3%83%88%e6%9f%84%e5%ae%9d%e7%ae%b1%ef%bc%a2%ef%bc%a1%ef%bc%a7/brandproduct/poetique/0/GR612X05/?cat=&swrd=> (referer: http://shop.axesfemme.com/Form/Product/ProductList.aspx?shop=0&cat=&bid=poetique&pid=&vid=&udns=0&swrd=&img=2&sort=07&cicon=&min=&max=&pno=1&dosp5)
Traceback (most recent call last):
  File "c:\users\kristy\appdata\local\programs\python\python36-32\lib\site-packages\scrapy\utils\defer.py", line 102, in iter_errback
    yield next(it)
  File "c:\users\kristy\appdata\local\programs\python\python36-32\lib\site-packages\scrapy\spidermiddlewares\offsite.py", line 29, in process_spider_output
    for x in result:
  File "c:\users\kristy\appdata\local\programs\python\python36-32\lib\site-packages\scrapy\spidermiddlewares\referer.py", line 22, in <genexpr>
    return (_set_referer(r) for r in result or ())
  File "c:\users\kristy\appdata\local\programs\python\python36-32\lib\site-packages\scrapy\spidermiddlewares\urllength.py", line 37, in <genexpr>
    return (r for r in result or () if _filter(r))
  File "c:\users\kristy\appdata\local\programs\python\python36-32\lib\site-packages\scrapy\spidermiddlewares\depth.py", line 58, in <genexpr>
    return (r for r in result or () if _filter(r))
  File "C:\Users\Kristy\PycharmProjects\study\scrapytest\scrapytest\spiders\oj1.py", line 64, in parse_item
    typ = axes_type.axes_type.type(typenum)
TypeError: type() missing 1 required positional argument: 'code'
2017-06-05 22:41:30 [scrapy.core.engine] DEBUG: Crawled (200) <GET http://shop.axesfemme.com/poetique-%e3%82%b0%e3%83%a9%e3%83%87%e3%83%bc%e3%82%b7%e3%83%a7%e3%83%b3%e3%83%97%e3%83%aa%e3%83%b3%e3%83%88%e3%82%b9%e3%82%ab%e3%83%bc%e3%83%88/brandproduct/poetique/0/TS271X02P/?cat=&swrd=> (referer: http://shop.axesfemme.com/Form/Product/ProductList.aspx?shop=0&cat=&bid=poetique&pid=&vid=&udns=0&swrd=&img=2&sort=07&cicon=&min=&max=&pno=1&dosp5)
2017-06-05 22:41:30 [scrapy.core.scraper] ERROR: Spider error processing <GET http://shop.axesfemme.com/poetique-%e3%82%b0%e3%83%a9%e3%83%87%e3%83%bc%e3%82%b7%e3%83%a7%e3%83%b3%e3%83%97%e3%83%aa%e3%83%b3%e3%83%88%e3%82%b9%e3%82%ab%e3%83%bc%e3%83%88/brandproduct/poetique/0/TS271X02P/?cat=&swrd=> (referer: http://shop.axesfemme.com/Form/Product/ProductList.aspx?shop=0&cat=&bid=poetique&pid=&vid=&udns=0&swrd=&img=2&sort=07&cicon=&min=&max=&pno=1&dosp5)
Traceback (most recent call last):
  File "c:\users\kristy\appdata\local\programs\python\python36-32\lib\site-packages\scrapy\utils\defer.py", line 102, in iter_errback
    yield next(it)
  File "c:\users\kristy\appdata\local\programs\python\python36-32\lib\site-packages\scrapy\spidermiddlewares\offsite.py", line 29, in process_spider_output
    for x in result:
  File "c:\users\kristy\appdata\local\programs\python\python36-32\lib\site-packages\scrapy\spidermiddlewares\referer.py", line 22, in <genexpr>
    return (_set_referer(r) for r in result or ())
  File "c:\users\kristy\appdata\local\programs\python\python36-32\lib\site-packages\scrapy\spidermiddlewares\urllength.py", line 37, in <genexpr>
    return (r for r in result or () if _filter(r))
  File "c:\users\kristy\appdata\local\programs\python\python36-32\lib\site-packages\scrapy\spidermiddlewares\depth.py", line 58, in <genexpr>
    return (r for r in result or () if _filter(r))
  File "C:\Users\Kristy\PycharmProjects\study\scrapytest\scrapytest\spiders\oj1.py", line 64, in parse_item
    typ = axes_type.axes_type.type(typenum)
TypeError: type() missing 1 required positional argument: 'code'
2017-06-05 22:41:30 [scrapy.core.engine] DEBUG: Crawled (200) <GET http://shop.axesfemme.com/poetique-%e3%82%b7%e3%83%ab%e3%82%a8%e3%83%83%e3%83%88%e3%83%80%e3%83%9c%e3%83%94%e3%83%b3%ef%bc%86%e3%82%af%e3%83%aa%e3%83%83%e3%83%97/brandproduct/poetique/0/GR649X01P/?cat=&swrd=> (referer: http://shop.axesfemme.com/Form/Product/ProductList.aspx?shop=0&cat=&bid=poetique&pid=&vid=&udns=0&swrd=&img=2&sort=07&cicon=&min=&max=&pno=1&dosp5)
2017-06-05 22:41:30 [scrapy.core.engine] DEBUG: Crawled (200) <GET http://shop.axesfemme.com/poetique-%ef%bc%a2%ef%bc%af%ef%bc%af%ef%bc%ab%e5%9e%8b%e3%83%ac%e3%83%bc%e3%82%b9%e3%82%a2%e3%83%83%e3%83%97%e3%83%9d%e3%83%bc%e3%83%81/brandproduct/poetique/0/GR615X02/?cat=&swrd=> (referer: http://shop.axesfemme.com/Form/Product/ProductList.aspx?shop=0&cat=&bid=poetique&pid=&vid=&udns=0&swrd=&img=2&sort=07&cicon=&min=&max=&pno=1&dosp5)
2017-06-05 22:41:31 [scrapy.core.scraper] ERROR: Spider error processing <GET http://shop.axesfemme.com/poetique-%e3%82%b7%e3%83%ab%e3%82%a8%e3%83%83%e3%83%88%e3%83%80%e3%83%9c%e3%83%94%e3%83%b3%ef%bc%86%e3%82%af%e3%83%aa%e3%83%83%e3%83%97/brandproduct/poetique/0/GR649X01P/?cat=&swrd=> (referer: http://shop.axesfemme.com/Form/Product/ProductList.aspx?shop=0&cat=&bid=poetique&pid=&vid=&udns=0&swrd=&img=2&sort=07&cicon=&min=&max=&pno=1&dosp5)
Traceback (most recent call last):
  File "c:\users\kristy\appdata\local\programs\python\python36-32\lib\site-packages\scrapy\utils\defer.py", line 102, in iter_errback
    yield next(it)
  File "c:\users\kristy\appdata\local\programs\python\python36-32\lib\site-packages\scrapy\spidermiddlewares\offsite.py", line 29, in process_spider_output
    for x in result:
  File "c:\users\kristy\appdata\local\programs\python\python36-32\lib\site-packages\scrapy\spidermiddlewares\referer.py", line 22, in <genexpr>
    return (_set_referer(r) for r in result or ())
  File "c:\users\kristy\appdata\local\programs\python\python36-32\lib\site-packages\scrapy\spidermiddlewares\urllength.py", line 37, in <genexpr>
    return (r for r in result or () if _filter(r))
  File "c:\users\kristy\appdata\local\programs\python\python36-32\lib\site-packages\scrapy\spidermiddlewares\depth.py", line 58, in <genexpr>
    return (r for r in result or () if _filter(r))
  File "C:\Users\Kristy\PycharmProjects\study\scrapytest\scrapytest\spiders\oj1.py", line 64, in parse_item
    typ = axes_type.axes_type.type(typenum)
TypeError: type() missing 1 required positional argument: 'code'
2017-06-05 22:41:31 [scrapy.core.scraper] ERROR: Spider error processing <GET http://shop.axesfemme.com/poetique-%ef%bc%a2%ef%bc%af%ef%bc%af%ef%bc%ab%e5%9e%8b%e3%83%ac%e3%83%bc%e3%82%b9%e3%82%a2%e3%83%83%e3%83%97%e3%83%9d%e3%83%bc%e3%83%81/brandproduct/poetique/0/GR615X02/?cat=&swrd=> (referer: http://shop.axesfemme.com/Form/Product/ProductList.aspx?shop=0&cat=&bid=poetique&pid=&vid=&udns=0&swrd=&img=2&sort=07&cicon=&min=&max=&pno=1&dosp5)
Traceback (most recent call last):
  File "c:\users\kristy\appdata\local\programs\python\python36-32\lib\site-packages\scrapy\utils\defer.py", line 102, in iter_errback
    yield next(it)
  File "c:\users\kristy\appdata\local\programs\python\python36-32\lib\site-packages\scrapy\spidermiddlewares\offsite.py", line 29, in process_spider_output
    for x in result:
  File "c:\users\kristy\appdata\local\programs\python\python36-32\lib\site-packages\scrapy\spidermiddlewares\referer.py", line 22, in <genexpr>
    return (_set_referer(r) for r in result or ())
  File "c:\users\kristy\appdata\local\programs\python\python36-32\lib\site-packages\scrapy\spidermiddlewares\urllength.py", line 37, in <genexpr>
    return (r for r in result or () if _filter(r))
  File "c:\users\kristy\appdata\local\programs\python\python36-32\lib\site-packages\scrapy\spidermiddlewares\depth.py", line 58, in <genexpr>
    return (r for r in result or () if _filter(r))
  File "C:\Users\Kristy\PycharmProjects\study\scrapytest\scrapytest\spiders\oj1.py", line 64, in parse_item
    typ = axes_type.axes_type.type(typenum)
TypeError: type() missing 1 required positional argument: 'code'
2017-06-05 22:41:31 [scrapy.core.engine] DEBUG: Crawled (200) <GET http://shop.axesfemme.com/Form/Product/ProductList.aspx?shop=0&cat=&bid=poetique&pid=&vid=&udns=0&swrd=&img=2&sort=07&cicon=&min=&max=&pno=1&dosp3> (referer: http://shop.axesfemme.com/Form/Product/ProductList.aspx?shop=0&cat=&bid=poetique&pid=&vid=&udns=0&swrd=&img=2&sort=07&cicon=&min=&max=&pno=1&dosp=)
2017-06-05 22:41:31 [scrapy.core.engine] DEBUG: Crawled (200) <GET http://shop.axesfemme.com/poetique-%e3%83%9e%e3%83%aa%e3%83%b3%e3%83%a2%e3%83%81%e3%83%bc%e3%83%95%e5%88%ba%e7%b9%8d%e3%82%b5%e3%83%b3%e3%83%80%e3%83%ab/brandproduct/poetique/0/GR622X02P/?cat=&swrd=> (referer: http://shop.axesfemme.com/Form/Product/ProductList.aspx?shop=0&cat=&bid=poetique&pid=&vid=&udns=0&swrd=&img=2&sort=07&cicon=&min=&max=&pno=1&dosp5)
2017-06-05 22:41:31 [scrapy.core.scraper] ERROR: Spider error processing <GET http://shop.axesfemme.com/poetique-%e3%83%9e%e3%83%aa%e3%83%b3%e3%83%a2%e3%83%81%e3%83%bc%e3%83%95%e5%88%ba%e7%b9%8d%e3%82%b5%e3%83%b3%e3%83%80%e3%83%ab/brandproduct/poetique/0/GR622X02P/?cat=&swrd=> (referer: http://shop.axesfemme.com/Form/Product/ProductList.aspx?shop=0&cat=&bid=poetique&pid=&vid=&udns=0&swrd=&img=2&sort=07&cicon=&min=&max=&pno=1&dosp5)
Traceback (most recent call last):
  File "c:\users\kristy\appdata\local\programs\python\python36-32\lib\site-packages\scrapy\utils\defer.py", line 102, in iter_errback
    yield next(it)
  File "c:\users\kristy\appdata\local\programs\python\python36-32\lib\site-packages\scrapy\spidermiddlewares\offsite.py", line 29, in process_spider_output
    for x in result:
  File "c:\users\kristy\appdata\local\programs\python\python36-32\lib\site-packages\scrapy\spidermiddlewares\referer.py", line 22, in <genexpr>
    return (_set_referer(r) for r in result or ())
  File "c:\users\kristy\appdata\local\programs\python\python36-32\lib\site-packages\scrapy\spidermiddlewares\urllength.py", line 37, in <genexpr>
    return (r for r in result or () if _filter(r))
  File "c:\users\kristy\appdata\local\programs\python\python36-32\lib\site-packages\scrapy\spidermiddlewares\depth.py", line 58, in <genexpr>
    return (r for r in result or () if _filter(r))
  File "C:\Users\Kristy\PycharmProjects\study\scrapytest\scrapytest\spiders\oj1.py", line 64, in parse_item
    typ = axes_type.axes_type.type(typenum)
TypeError: type() missing 1 required positional argument: 'code'
2017-06-05 22:41:31 [scrapy.core.engine] DEBUG: Crawled (200) <GET http://shop.axesfemme.com/poetique-%ef%bc%a2%ef%bc%af%ef%bc%af%ef%bc%ab%e5%9e%8b%e3%82%b9%e3%83%9e%e3%83%9b%e3%82%b1%e3%83%bc%e3%82%b9/brandproduct/poetique/0/GR638X03/?cat=&swrd=> (referer: http://shop.axesfemme.com/Form/Product/ProductList.aspx?shop=0&cat=&bid=poetique&pid=&vid=&udns=0&swrd=&img=2&sort=07&cicon=&min=&max=&pno=1&dosp5)
2017-06-05 22:41:31 [scrapy.core.scraper] ERROR: Spider error processing <GET http://shop.axesfemme.com/poetique-%ef%bc%a2%ef%bc%af%ef%bc%af%ef%bc%ab%e5%9e%8b%e3%82%b9%e3%83%9e%e3%83%9b%e3%82%b1%e3%83%bc%e3%82%b9/brandproduct/poetique/0/GR638X03/?cat=&swrd=> (referer: http://shop.axesfemme.com/Form/Product/ProductList.aspx?shop=0&cat=&bid=poetique&pid=&vid=&udns=0&swrd=&img=2&sort=07&cicon=&min=&max=&pno=1&dosp5)
Traceback (most recent call last):
  File "c:\users\kristy\appdata\local\programs\python\python36-32\lib\site-packages\scrapy\utils\defer.py", line 102, in iter_errback
    yield next(it)
  File "c:\users\kristy\appdata\local\programs\python\python36-32\lib\site-packages\scrapy\spidermiddlewares\offsite.py", line 29, in process_spider_output
    for x in result:
  File "c:\users\kristy\appdata\local\programs\python\python36-32\lib\site-packages\scrapy\spidermiddlewares\referer.py", line 22, in <genexpr>
    return (_set_referer(r) for r in result or ())
  File "c:\users\kristy\appdata\local\programs\python\python36-32\lib\site-packages\scrapy\spidermiddlewares\urllength.py", line 37, in <genexpr>
    return (r for r in result or () if _filter(r))
  File "c:\users\kristy\appdata\local\programs\python\python36-32\lib\site-packages\scrapy\spidermiddlewares\depth.py", line 58, in <genexpr>
    return (r for r in result or () if _filter(r))
  File "C:\Users\Kristy\PycharmProjects\study\scrapytest\scrapytest\spiders\oj1.py", line 64, in parse_item
    typ = axes_type.axes_type.type(typenum)
TypeError: type() missing 1 required positional argument: 'code'
2017-06-05 22:41:31 [scrapy.core.engine] DEBUG: Crawled (200) <GET http://shop.axesfemme.com/poetique-%e3%82%b5%e3%82%b9%e4%bb%98%e3%81%8d%e3%82%a4%e3%83%ac%e3%83%98%e3%83%a0%e3%82%b9%e3%82%ab%e3%83%bc%e3%83%88/brandproduct/poetique/0/ST281X05P/?cat=&swrd=> (referer: http://shop.axesfemme.com/Form/Product/ProductList.aspx?shop=0&cat=&bid=poetique&pid=&vid=&udns=0&swrd=&img=2&sort=07&cicon=&min=&max=&pno=1&dosp5)
2017-06-05 22:41:31 [scrapy.core.engine] DEBUG: Crawled (200) <GET http://shop.axesfemme.com/poetique-%e3%82%b7%e3%83%ab%e3%82%a8%e3%83%83%e3%83%88%e3%83%a2%e3%83%81%e3%83%bc%e3%83%95%e3%82%a4%e3%83%a4%e3%83%aa%e3%83%b3%e3%82%b0/brandproduct/poetique/0/GR642X01P/?cat=&swrd=> (referer: http://shop.axesfemme.com/Form/Product/ProductList.aspx?shop=0&cat=&bid=poetique&pid=&vid=&udns=0&swrd=&img=2&sort=07&cicon=&min=&max=&pno=1&dosp5)
2017-06-05 22:41:31 [scrapy.core.engine] DEBUG: Crawled (200) <GET http://shop.axesfemme.com/Form/Product/ProductList.aspx?shop=0&cat=&bid=poetique&pid=&vid=&udns=0&swrd=&img=2&sort=07&cicon=&min=&max=&pno=1&dosp2> (referer: http://shop.axesfemme.com/Form/Product/ProductList.aspx?shop=0&cat=&bid=poetique&pid=&vid=&udns=0&swrd=&img=2&sort=07&cicon=&min=&max=&pno=1&dosp=)
2017-06-05 22:41:31 [scrapy.core.scraper] ERROR: Spider error processing <GET http://shop.axesfemme.com/poetique-%e3%82%b5%e3%82%b9%e4%bb%98%e3%81%8d%e3%82%a4%e3%83%ac%e3%83%98%e3%83%a0%e3%82%b9%e3%82%ab%e3%83%bc%e3%83%88/brandproduct/poetique/0/ST281X05P/?cat=&swrd=> (referer: http://shop.axesfemme.com/Form/Product/ProductList.aspx?shop=0&cat=&bid=poetique&pid=&vid=&udns=0&swrd=&img=2&sort=07&cicon=&min=&max=&pno=1&dosp5)
Traceback (most recent call last):
  File "c:\users\kristy\appdata\local\programs\python\python36-32\lib\site-packages\scrapy\utils\defer.py", line 102, in iter_errback
    yield next(it)
  File "c:\users\kristy\appdata\local\programs\python\python36-32\lib\site-packages\scrapy\spidermiddlewares\offsite.py", line 29, in process_spider_output
    for x in result:
  File "c:\users\kristy\appdata\local\programs\python\python36-32\lib\site-packages\scrapy\spidermiddlewares\referer.py", line 22, in <genexpr>
    return (_set_referer(r) for r in result or ())
  File "c:\users\kristy\appdata\local\programs\python\python36-32\lib\site-packages\scrapy\spidermiddlewares\urllength.py", line 37, in <genexpr>
    return (r for r in result or () if _filter(r))
  File "c:\users\kristy\appdata\local\programs\python\python36-32\lib\site-packages\scrapy\spidermiddlewares\depth.py", line 58, in <genexpr>
    return (r for r in result or () if _filter(r))
  File "C:\Users\Kristy\PycharmProjects\study\scrapytest\scrapytest\spiders\oj1.py", line 64, in parse_item
    typ = axes_type.axes_type.type(typenum)
TypeError: type() missing 1 required positional argument: 'code'
2017-06-05 22:41:31 [scrapy.core.scraper] ERROR: Spider error processing <GET http://shop.axesfemme.com/poetique-%e3%82%b7%e3%83%ab%e3%82%a8%e3%83%83%e3%83%88%e3%83%a2%e3%83%81%e3%83%bc%e3%83%95%e3%82%a4%e3%83%a4%e3%83%aa%e3%83%b3%e3%82%b0/brandproduct/poetique/0/GR642X01P/?cat=&swrd=> (referer: http://shop.axesfemme.com/Form/Product/ProductList.aspx?shop=0&cat=&bid=poetique&pid=&vid=&udns=0&swrd=&img=2&sort=07&cicon=&min=&max=&pno=1&dosp5)
Traceback (most recent call last):
  File "c:\users\kristy\appdata\local\programs\python\python36-32\lib\site-packages\scrapy\utils\defer.py", line 102, in iter_errback
    yield next(it)
  File "c:\users\kristy\appdata\local\programs\python\python36-32\lib\site-packages\scrapy\spidermiddlewares\offsite.py", line 29, in process_spider_output
    for x in result:
  File "c:\users\kristy\appdata\local\programs\python\python36-32\lib\site-packages\scrapy\spidermiddlewares\referer.py", line 22, in <genexpr>
    return (_set_referer(r) for r in result or ())
  File "c:\users\kristy\appdata\local\programs\python\python36-32\lib\site-packages\scrapy\spidermiddlewares\urllength.py", line 37, in <genexpr>
    return (r for r in result or () if _filter(r))
  File "c:\users\kristy\appdata\local\programs\python\python36-32\lib\site-packages\scrapy\spidermiddlewares\depth.py", line 58, in <genexpr>
    return (r for r in result or () if _filter(r))
  File "C:\Users\Kristy\PycharmProjects\study\scrapytest\scrapytest\spiders\oj1.py", line 64, in parse_item
    typ = axes_type.axes_type.type(typenum)
TypeError: type() missing 1 required positional argument: 'code'
2017-06-05 22:41:31 [scrapy.core.engine] DEBUG: Crawled (200) <GET http://shop.axesfemme.com/poetique-%e8%96%94%e8%96%87%e3%83%a2%e3%83%81%e3%83%bc%e3%83%95%e4%bb%98%e3%81%8d%e3%83%96%e3%83%a9%e3%82%a6%e3%82%b9/brandproduct/poetique/0/ST71X01P/?cat=&swrd=> (referer: http://shop.axesfemme.com/Form/Product/ProductList.aspx?shop=0&cat=&bid=poetique&pid=&vid=&udns=0&swrd=&img=2&sort=07&cicon=&min=&max=&pno=1&dosp5)
2017-06-05 22:41:31 [scrapy.core.engine] DEBUG: Crawled (200) <GET http://shop.axesfemme.com/poetique-%e3%83%90%e3%82%bf%e3%83%95%e3%83%a9%e3%82%a4%e3%83%91%e3%83%b3%e3%83%97%e3%82%b9/brandproduct/poetique/0/DN621X09P/?cat=&swrd=> (referer: http://shop.axesfemme.com/Form/Product/ProductList.aspx?shop=0&cat=&bid=poetique&pid=&vid=&udns=0&swrd=&img=2&sort=07&cicon=&min=&max=&pno=1&dosp5)
2017-06-05 22:41:32 [scrapy.core.scraper] ERROR: Spider error processing <GET http://shop.axesfemme.com/poetique-%e8%96%94%e8%96%87%e3%83%a2%e3%83%81%e3%83%bc%e3%83%95%e4%bb%98%e3%81%8d%e3%83%96%e3%83%a9%e3%82%a6%e3%82%b9/brandproduct/poetique/0/ST71X01P/?cat=&swrd=> (referer: http://shop.axesfemme.com/Form/Product/ProductList.aspx?shop=0&cat=&bid=poetique&pid=&vid=&udns=0&swrd=&img=2&sort=07&cicon=&min=&max=&pno=1&dosp5)
Traceback (most recent call last):
  File "c:\users\kristy\appdata\local\programs\python\python36-32\lib\site-packages\scrapy\utils\defer.py", line 102, in iter_errback
    yield next(it)
  File "c:\users\kristy\appdata\local\programs\python\python36-32\lib\site-packages\scrapy\spidermiddlewares\offsite.py", line 29, in process_spider_output
    for x in result:
  File "c:\users\kristy\appdata\local\programs\python\python36-32\lib\site-packages\scrapy\spidermiddlewares\referer.py", line 22, in <genexpr>
    return (_set_referer(r) for r in result or ())
  File "c:\users\kristy\appdata\local\programs\python\python36-32\lib\site-packages\scrapy\spidermiddlewares\urllength.py", line 37, in <genexpr>
    return (r for r in result or () if _filter(r))
  File "c:\users\kristy\appdata\local\programs\python\python36-32\lib\site-packages\scrapy\spidermiddlewares\depth.py", line 58, in <genexpr>
    return (r for r in result or () if _filter(r))
  File "C:\Users\Kristy\PycharmProjects\study\scrapytest\scrapytest\spiders\oj1.py", line 64, in parse_item
    typ = axes_type.axes_type.type(typenum)
TypeError: type() missing 1 required positional argument: 'code'
2017-06-05 22:41:32 [scrapy.core.scraper] ERROR: Spider error processing <GET http://shop.axesfemme.com/poetique-%e3%83%90%e3%82%bf%e3%83%95%e3%83%a9%e3%82%a4%e3%83%91%e3%83%b3%e3%83%97%e3%82%b9/brandproduct/poetique/0/DN621X09P/?cat=&swrd=> (referer: http://shop.axesfemme.com/Form/Product/ProductList.aspx?shop=0&cat=&bid=poetique&pid=&vid=&udns=0&swrd=&img=2&sort=07&cicon=&min=&max=&pno=1&dosp5)
Traceback (most recent call last):
  File "c:\users\kristy\appdata\local\programs\python\python36-32\lib\site-packages\scrapy\utils\defer.py", line 102, in iter_errback
    yield next(it)
  File "c:\users\kristy\appdata\local\programs\python\python36-32\lib\site-packages\scrapy\spidermiddlewares\offsite.py", line 29, in process_spider_output
    for x in result:
  File "c:\users\kristy\appdata\local\programs\python\python36-32\lib\site-packages\scrapy\spidermiddlewares\referer.py", line 22, in <genexpr>
    return (_set_referer(r) for r in result or ())
  File "c:\users\kristy\appdata\local\programs\python\python36-32\lib\site-packages\scrapy\spidermiddlewares\urllength.py", line 37, in <genexpr>
    return (r for r in result or () if _filter(r))
  File "c:\users\kristy\appdata\local\programs\python\python36-32\lib\site-packages\scrapy\spidermiddlewares\depth.py", line 58, in <genexpr>
    return (r for r in result or () if _filter(r))
  File "C:\Users\Kristy\PycharmProjects\study\scrapytest\scrapytest\spiders\oj1.py", line 64, in parse_item
    typ = axes_type.axes_type.type(typenum)
TypeError: type() missing 1 required positional argument: 'code'
2017-06-05 22:41:32 [scrapy.core.engine] DEBUG: Crawled (200) <GET http://shop.axesfemme.com/poetique-%e3%80%90%e9%99%90%e5%ae%9a%e5%95%86%e5%93%81%e3%80%91%e3%82%bb%e3%83%bc%e3%83%a9%e3%83%bc%e3%83%8e%e3%83%bc%e3%82%b9%e3%83%aa%e3%83%af%e3%83%b3%e3%83%94/brandproduct/poetique/0/GG341X03S/?cat=&swrd=> (referer: http://shop.axesfemme.com/Form/Product/ProductList.aspx?shop=0&cat=&bid=poetique&pid=&vid=&udns=0&swrd=&img=2&sort=07&cicon=&min=&max=&pno=1&dosp5)
2017-06-05 22:41:32 [scrapy.core.engine] DEBUG: Crawled (200) <GET http://shop.axesfemme.com/poetique-%e3%82%b7%e3%83%ab%e3%82%a8%e3%83%83%e3%83%88%e3%83%a2%e3%83%81%e3%83%bc%e3%83%95%e3%83%8d%e3%83%83%e3%82%af%e3%83%ac%e3%82%b9/brandproduct/poetique/0/GR643X01P/?cat=&swrd=> (referer: http://shop.axesfemme.com/Form/Product/ProductList.aspx?shop=0&cat=&bid=poetique&pid=&vid=&udns=0&swrd=&img=2&sort=07&cicon=&min=&max=&pno=1&dosp5)
2017-06-05 22:41:32 [scrapy.core.scraper] ERROR: Spider error processing <GET http://shop.axesfemme.com/poetique-%e3%80%90%e9%99%90%e5%ae%9a%e5%95%86%e5%93%81%e3%80%91%e3%82%bb%e3%83%bc%e3%83%a9%e3%83%bc%e3%83%8e%e3%83%bc%e3%82%b9%e3%83%aa%e3%83%af%e3%83%b3%e3%83%94/brandproduct/poetique/0/GG341X03S/?cat=&swrd=> (referer: http://shop.axesfemme.com/Form/Product/ProductList.aspx?shop=0&cat=&bid=poetique&pid=&vid=&udns=0&swrd=&img=2&sort=07&cicon=&min=&max=&pno=1&dosp5)
Traceback (most recent call last):
  File "c:\users\kristy\appdata\local\programs\python\python36-32\lib\site-packages\scrapy\utils\defer.py", line 102, in iter_errback
    yield next(it)
  File "c:\users\kristy\appdata\local\programs\python\python36-32\lib\site-packages\scrapy\spidermiddlewares\offsite.py", line 29, in process_spider_output
    for x in result:
  File "c:\users\kristy\appdata\local\programs\python\python36-32\lib\site-packages\scrapy\spidermiddlewares\referer.py", line 22, in <genexpr>
    return (_set_referer(r) for r in result or ())
  File "c:\users\kristy\appdata\local\programs\python\python36-32\lib\site-packages\scrapy\spidermiddlewares\urllength.py", line 37, in <genexpr>
    return (r for r in result or () if _filter(r))
  File "c:\users\kristy\appdata\local\programs\python\python36-32\lib\site-packages\scrapy\spidermiddlewares\depth.py", line 58, in <genexpr>
    return (r for r in result or () if _filter(r))
  File "C:\Users\Kristy\PycharmProjects\study\scrapytest\scrapytest\spiders\oj1.py", line 64, in parse_item
    typ = axes_type.axes_type.type(typenum)
TypeError: type() missing 1 required positional argument: 'code'
2017-06-05 22:41:32 [scrapy.core.engine] DEBUG: Crawled (200) <GET http://shop.axesfemme.com/poetique-%e3%80%90%e9%99%90%e5%ae%9a%e5%95%86%e5%93%81%e3%80%91%e5%88%ba%e7%b9%8d%e5%85%a5%e3%82%8a%e3%82%b9%e3%83%88%e3%83%a9%e3%82%a4%e3%83%97%e3%83%af%e3%83%b3%e3%83%94/brandproduct/poetique/0/GG341X02S/?cat=&swrd=> (referer: http://shop.axesfemme.com/Form/Product/ProductList.aspx?shop=0&cat=&bid=poetique&pid=&vid=&udns=0&swrd=&img=2&sort=07&cicon=&min=&max=&pno=1&dosp5)
2017-06-05 22:41:32 [scrapy.core.scraper] ERROR: Spider error processing <GET http://shop.axesfemme.com/poetique-%e3%82%b7%e3%83%ab%e3%82%a8%e3%83%83%e3%83%88%e3%83%a2%e3%83%81%e3%83%bc%e3%83%95%e3%83%8d%e3%83%83%e3%82%af%e3%83%ac%e3%82%b9/brandproduct/poetique/0/GR643X01P/?cat=&swrd=> (referer: http://shop.axesfemme.com/Form/Product/ProductList.aspx?shop=0&cat=&bid=poetique&pid=&vid=&udns=0&swrd=&img=2&sort=07&cicon=&min=&max=&pno=1&dosp5)
Traceback (most recent call last):
  File "c:\users\kristy\appdata\local\programs\python\python36-32\lib\site-packages\scrapy\utils\defer.py", line 102, in iter_errback
    yield next(it)
  File "c:\users\kristy\appdata\local\programs\python\python36-32\lib\site-packages\scrapy\spidermiddlewares\offsite.py", line 29, in process_spider_output
    for x in result:
  File "c:\users\kristy\appdata\local\programs\python\python36-32\lib\site-packages\scrapy\spidermiddlewares\referer.py", line 22, in <genexpr>
    return (_set_referer(r) for r in result or ())
  File "c:\users\kristy\appdata\local\programs\python\python36-32\lib\site-packages\scrapy\spidermiddlewares\urllength.py", line 37, in <genexpr>
    return (r for r in result or () if _filter(r))
  File "c:\users\kristy\appdata\local\programs\python\python36-32\lib\site-packages\scrapy\spidermiddlewares\depth.py", line 58, in <genexpr>
    return (r for r in result or () if _filter(r))
  File "C:\Users\Kristy\PycharmProjects\study\scrapytest\scrapytest\spiders\oj1.py", line 64, in parse_item
    typ = axes_type.axes_type.type(typenum)
TypeError: type() missing 1 required positional argument: 'code'
2017-06-05 22:41:32 [scrapy.core.scraper] ERROR: Spider error processing <GET http://shop.axesfemme.com/poetique-%e3%80%90%e9%99%90%e5%ae%9a%e5%95%86%e5%93%81%e3%80%91%e5%88%ba%e7%b9%8d%e5%85%a5%e3%82%8a%e3%82%b9%e3%83%88%e3%83%a9%e3%82%a4%e3%83%97%e3%83%af%e3%83%b3%e3%83%94/brandproduct/poetique/0/GG341X02S/?cat=&swrd=> (referer: http://shop.axesfemme.com/Form/Product/ProductList.aspx?shop=0&cat=&bid=poetique&pid=&vid=&udns=0&swrd=&img=2&sort=07&cicon=&min=&max=&pno=1&dosp5)
Traceback (most recent call last):
  File "c:\users\kristy\appdata\local\programs\python\python36-32\lib\site-packages\scrapy\utils\defer.py", line 102, in iter_errback
    yield next(it)
  File "c:\users\kristy\appdata\local\programs\python\python36-32\lib\site-packages\scrapy\spidermiddlewares\offsite.py", line 29, in process_spider_output
    for x in result:
  File "c:\users\kristy\appdata\local\programs\python\python36-32\lib\site-packages\scrapy\spidermiddlewares\referer.py", line 22, in <genexpr>
    return (_set_referer(r) for r in result or ())
  File "c:\users\kristy\appdata\local\programs\python\python36-32\lib\site-packages\scrapy\spidermiddlewares\urllength.py", line 37, in <genexpr>
    return (r for r in result or () if _filter(r))
  File "c:\users\kristy\appdata\local\programs\python\python36-32\lib\site-packages\scrapy\spidermiddlewares\depth.py", line 58, in <genexpr>
    return (r for r in result or () if _filter(r))
  File "C:\Users\Kristy\PycharmProjects\study\scrapytest\scrapytest\spiders\oj1.py", line 64, in parse_item
    typ = axes_type.axes_type.type(typenum)
TypeError: type() missing 1 required positional argument: 'code'
2017-06-05 22:41:32 [scrapy.core.engine] DEBUG: Crawled (200) <GET http://shop.axesfemme.com/poetique-%e3%80%90%e9%99%90%e5%ae%9a%e5%95%86%e5%93%81%e3%80%91%e3%82%bb%e3%83%bc%e3%83%a9%e3%83%bc%e3%82%ab%e3%83%83%e3%83%88%e3%83%af%e3%83%b3%e3%83%94/brandproduct/poetique/0/GG351X02S/?cat=&swrd=> (referer: http://shop.axesfemme.com/Form/Product/ProductList.aspx?shop=0&cat=&bid=poetique&pid=&vid=&udns=0&swrd=&img=2&sort=07&cicon=&min=&max=&pno=1&dosp5)
2017-06-05 22:41:32 [scrapy.core.engine] DEBUG: Crawled (200) <GET http://shop.axesfemme.com/poetique-%e3%80%90%e9%99%90%e5%ae%9a%e5%95%86%e5%93%81%e3%80%91%e3%82%b9%e3%82%ab%e3%83%a9%e3%83%83%e3%83%97%e8%a5%9f%e5%8d%8a%e8%a2%96%e3%83%af%e3%83%b3%e3%83%94/brandproduct/poetique/0/GG351X01S/?cat=&swrd=> (referer: http://shop.axesfemme.com/Form/Product/ProductList.aspx?shop=0&cat=&bid=poetique&pid=&vid=&udns=0&swrd=&img=2&sort=07&cicon=&min=&max=&pno=1&dosp5)
2017-06-05 22:41:32 [scrapy.core.engine] DEBUG: Crawled (200) <GET http://shop.axesfemme.com/poetique-%e3%82%b9%e3%82%ab%e3%83%a9%e3%83%83%e3%83%97%e3%83%87%e3%82%b6%e3%82%a4%e3%83%b3%e3%82%b9%e3%82%ab%e3%83%bc%e3%83%88/brandproduct/poetique/0/GG281X10P/?cat=&swrd=> (referer: http://shop.axesfemme.com/Form/Product/ProductList.aspx?shop=0&cat=&bid=poetique&pid=&vid=&udns=0&swrd=&img=2&sort=07&cicon=&min=&max=&pno=1&dosp5)
2017-06-05 22:41:32 [scrapy.core.scraper] ERROR: Spider error processing <GET http://shop.axesfemme.com/poetique-%e3%80%90%e9%99%90%e5%ae%9a%e5%95%86%e5%93%81%e3%80%91%e3%82%bb%e3%83%bc%e3%83%a9%e3%83%bc%e3%82%ab%e3%83%83%e3%83%88%e3%83%af%e3%83%b3%e3%83%94/brandproduct/poetique/0/GG351X02S/?cat=&swrd=> (referer: http://shop.axesfemme.com/Form/Product/ProductList.aspx?shop=0&cat=&bid=poetique&pid=&vid=&udns=0&swrd=&img=2&sort=07&cicon=&min=&max=&pno=1&dosp5)
Traceback (most recent call last):
  File "c:\users\kristy\appdata\local\programs\python\python36-32\lib\site-packages\scrapy\utils\defer.py", line 102, in iter_errback
    yield next(it)
  File "c:\users\kristy\appdata\local\programs\python\python36-32\lib\site-packages\scrapy\spidermiddlewares\offsite.py", line 29, in process_spider_output
    for x in result:
  File "c:\users\kristy\appdata\local\programs\python\python36-32\lib\site-packages\scrapy\spidermiddlewares\referer.py", line 22, in <genexpr>
    return (_set_referer(r) for r in result or ())
  File "c:\users\kristy\appdata\local\programs\python\python36-32\lib\site-packages\scrapy\spidermiddlewares\urllength.py", line 37, in <genexpr>
    return (r for r in result or () if _filter(r))
  File "c:\users\kristy\appdata\local\programs\python\python36-32\lib\site-packages\scrapy\spidermiddlewares\depth.py", line 58, in <genexpr>
    return (r for r in result or () if _filter(r))
  File "C:\Users\Kristy\PycharmProjects\study\scrapytest\scrapytest\spiders\oj1.py", line 64, in parse_item
    typ = axes_type.axes_type.type(typenum)
TypeError: type() missing 1 required positional argument: 'code'
2017-06-05 22:41:32 [scrapy.core.scraper] ERROR: Spider error processing <GET http://shop.axesfemme.com/poetique-%e3%80%90%e9%99%90%e5%ae%9a%e5%95%86%e5%93%81%e3%80%91%e3%82%b9%e3%82%ab%e3%83%a9%e3%83%83%e3%83%97%e8%a5%9f%e5%8d%8a%e8%a2%96%e3%83%af%e3%83%b3%e3%83%94/brandproduct/poetique/0/GG351X01S/?cat=&swrd=> (referer: http://shop.axesfemme.com/Form/Product/ProductList.aspx?shop=0&cat=&bid=poetique&pid=&vid=&udns=0&swrd=&img=2&sort=07&cicon=&min=&max=&pno=1&dosp5)
Traceback (most recent call last):
  File "c:\users\kristy\appdata\local\programs\python\python36-32\lib\site-packages\scrapy\utils\defer.py", line 102, in iter_errback
    yield next(it)
  File "c:\users\kristy\appdata\local\programs\python\python36-32\lib\site-packages\scrapy\spidermiddlewares\offsite.py", line 29, in process_spider_output
    for x in result:
  File "c:\users\kristy\appdata\local\programs\python\python36-32\lib\site-packages\scrapy\spidermiddlewares\referer.py", line 22, in <genexpr>
    return (_set_referer(r) for r in result or ())
  File "c:\users\kristy\appdata\local\programs\python\python36-32\lib\site-packages\scrapy\spidermiddlewares\urllength.py", line 37, in <genexpr>
    return (r for r in result or () if _filter(r))
  File "c:\users\kristy\appdata\local\programs\python\python36-32\lib\site-packages\scrapy\spidermiddlewares\depth.py", line 58, in <genexpr>
    return (r for r in result or () if _filter(r))
  File "C:\Users\Kristy\PycharmProjects\study\scrapytest\scrapytest\spiders\oj1.py", line 64, in parse_item
    typ = axes_type.axes_type.type(typenum)
TypeError: type() missing 1 required positional argument: 'code'
2017-06-05 22:41:32 [scrapy.core.engine] DEBUG: Crawled (200) <GET http://shop.axesfemme.com/poetique-%e3%83%a1%e3%83%83%e3%82%bb%e3%83%bc%e3%82%b8%e5%88%ba%e7%b9%8d%e3%82%b9%e3%82%ab%e3%83%bc%e3%83%88/brandproduct/poetique/0/MK271X02P/?cat=&swrd=> (referer: http://shop.axesfemme.com/Form/Product/ProductList.aspx?shop=0&cat=&bid=poetique&pid=&vid=&udns=0&swrd=&img=2&sort=07&cicon=&min=&max=&pno=1&dosp5)
2017-06-05 22:41:32 [scrapy.core.engine] DEBUG: Crawled (200) <GET http://shop.axesfemme.com/poetique-%e3%83%8f%e3%83%bc%e3%83%88%e3%82%b7%e3%83%a7%e3%83%ab%e3%83%80%e3%83%bc%e3%83%90%e3%83%83%e3%82%b0/brandproduct/poetique/0/AK613X05P/?cat=&swrd=> (referer: http://shop.axesfemme.com/Form/Product/ProductList.aspx?shop=0&cat=&bid=poetique&pid=&vid=&udns=0&swrd=&img=2&sort=07&cicon=&min=&max=&pno=1&dosp5)
2017-06-05 22:41:32 [scrapy.core.engine] DEBUG: Crawled (200) <GET http://shop.axesfemme.com/poetique-%e3%82%aa%e3%83%95%e3%82%b7%e3%83%a7%e3%83%ab%e3%83%96%e3%83%a9%e3%82%a6%e3%82%b8%e3%83%b3%e3%82%b0%e3%83%97%e3%83%ab%e3%82%aa%e3%83%bc%e3%83%90%e3%83%bc/brandproduct/poetique/0/TH21X01P/?cat=&swrd=> (referer: http://shop.axesfemme.com/Form/Product/ProductList.aspx?shop=0&cat=&bid=poetique&pid=&vid=&udns=0&swrd=&img=2&sort=07&cicon=&min=&max=&pno=1&dosp5)
2017-06-05 22:41:32 [scrapy.core.scraper] ERROR: Spider error processing <GET http://shop.axesfemme.com/poetique-%e3%82%b9%e3%82%ab%e3%83%a9%e3%83%83%e3%83%97%e3%83%87%e3%82%b6%e3%82%a4%e3%83%b3%e3%82%b9%e3%82%ab%e3%83%bc%e3%83%88/brandproduct/poetique/0/GG281X10P/?cat=&swrd=> (referer: http://shop.axesfemme.com/Form/Product/ProductList.aspx?shop=0&cat=&bid=poetique&pid=&vid=&udns=0&swrd=&img=2&sort=07&cicon=&min=&max=&pno=1&dosp5)
Traceback (most recent call last):
  File "c:\users\kristy\appdata\local\programs\python\python36-32\lib\site-packages\scrapy\utils\defer.py", line 102, in iter_errback
    yield next(it)
  File "c:\users\kristy\appdata\local\programs\python\python36-32\lib\site-packages\scrapy\spidermiddlewares\offsite.py", line 29, in process_spider_output
    for x in result:
  File "c:\users\kristy\appdata\local\programs\python\python36-32\lib\site-packages\scrapy\spidermiddlewares\referer.py", line 22, in <genexpr>
    return (_set_referer(r) for r in result or ())
  File "c:\users\kristy\appdata\local\programs\python\python36-32\lib\site-packages\scrapy\spidermiddlewares\urllength.py", line 37, in <genexpr>
    return (r for r in result or () if _filter(r))
  File "c:\users\kristy\appdata\local\programs\python\python36-32\lib\site-packages\scrapy\spidermiddlewares\depth.py", line 58, in <genexpr>
    return (r for r in result or () if _filter(r))
  File "C:\Users\Kristy\PycharmProjects\study\scrapytest\scrapytest\spiders\oj1.py", line 64, in parse_item
    typ = axes_type.axes_type.type(typenum)
TypeError: type() missing 1 required positional argument: 'code'
2017-06-05 22:41:32 [scrapy.core.engine] DEBUG: Crawled (200) <GET http://shop.axesfemme.com/Form/Product/ProductList.aspx?shop=0&cat=&bid=poetique&pid=&vid=&udns=0&swrd=&img=2&sort=07&cicon=&min=&max=&pno=1&dosp1> (referer: http://shop.axesfemme.com/Form/Product/ProductList.aspx?shop=0&cat=&bid=poetique&pid=&vid=&udns=0&swrd=&img=2&sort=07&cicon=&min=&max=&pno=1&dosp=)
2017-06-05 22:41:32 [scrapy.core.scraper] ERROR: Spider error processing <GET http://shop.axesfemme.com/poetique-%e3%83%a1%e3%83%83%e3%82%bb%e3%83%bc%e3%82%b8%e5%88%ba%e7%b9%8d%e3%82%b9%e3%82%ab%e3%83%bc%e3%83%88/brandproduct/poetique/0/MK271X02P/?cat=&swrd=> (referer: http://shop.axesfemme.com/Form/Product/ProductList.aspx?shop=0&cat=&bid=poetique&pid=&vid=&udns=0&swrd=&img=2&sort=07&cicon=&min=&max=&pno=1&dosp5)
Traceback (most recent call last):
  File "c:\users\kristy\appdata\local\programs\python\python36-32\lib\site-packages\scrapy\utils\defer.py", line 102, in iter_errback
    yield next(it)
  File "c:\users\kristy\appdata\local\programs\python\python36-32\lib\site-packages\scrapy\spidermiddlewares\offsite.py", line 29, in process_spider_output
    for x in result:
  File "c:\users\kristy\appdata\local\programs\python\python36-32\lib\site-packages\scrapy\spidermiddlewares\referer.py", line 22, in <genexpr>
    return (_set_referer(r) for r in result or ())
  File "c:\users\kristy\appdata\local\programs\python\python36-32\lib\site-packages\scrapy\spidermiddlewares\urllength.py", line 37, in <genexpr>
    return (r for r in result or () if _filter(r))
  File "c:\users\kristy\appdata\local\programs\python\python36-32\lib\site-packages\scrapy\spidermiddlewares\depth.py", line 58, in <genexpr>
    return (r for r in result or () if _filter(r))
  File "C:\Users\Kristy\PycharmProjects\study\scrapytest\scrapytest\spiders\oj1.py", line 64, in parse_item
    typ = axes_type.axes_type.type(typenum)
TypeError: type() missing 1 required positional argument: 'code'
2017-06-05 22:41:32 [scrapy.core.scraper] ERROR: Spider error processing <GET http://shop.axesfemme.com/poetique-%e3%83%8f%e3%83%bc%e3%83%88%e3%82%b7%e3%83%a7%e3%83%ab%e3%83%80%e3%83%bc%e3%83%90%e3%83%83%e3%82%b0/brandproduct/poetique/0/AK613X05P/?cat=&swrd=> (referer: http://shop.axesfemme.com/Form/Product/ProductList.aspx?shop=0&cat=&bid=poetique&pid=&vid=&udns=0&swrd=&img=2&sort=07&cicon=&min=&max=&pno=1&dosp5)
Traceback (most recent call last):
  File "c:\users\kristy\appdata\local\programs\python\python36-32\lib\site-packages\scrapy\utils\defer.py", line 102, in iter_errback
    yield next(it)
  File "c:\users\kristy\appdata\local\programs\python\python36-32\lib\site-packages\scrapy\spidermiddlewares\offsite.py", line 29, in process_spider_output
    for x in result:
  File "c:\users\kristy\appdata\local\programs\python\python36-32\lib\site-packages\scrapy\spidermiddlewares\referer.py", line 22, in <genexpr>
    return (_set_referer(r) for r in result or ())
  File "c:\users\kristy\appdata\local\programs\python\python36-32\lib\site-packages\scrapy\spidermiddlewares\urllength.py", line 37, in <genexpr>
    return (r for r in result or () if _filter(r))
  File "c:\users\kristy\appdata\local\programs\python\python36-32\lib\site-packages\scrapy\spidermiddlewares\depth.py", line 58, in <genexpr>
    return (r for r in result or () if _filter(r))
  File "C:\Users\Kristy\PycharmProjects\study\scrapytest\scrapytest\spiders\oj1.py", line 64, in parse_item
    typ = axes_type.axes_type.type(typenum)
TypeError: type() missing 1 required positional argument: 'code'
2017-06-05 22:41:32 [scrapy.core.scraper] ERROR: Spider error processing <GET http://shop.axesfemme.com/poetique-%e3%82%aa%e3%83%95%e3%82%b7%e3%83%a7%e3%83%ab%e3%83%96%e3%83%a9%e3%82%a6%e3%82%b8%e3%83%b3%e3%82%b0%e3%83%97%e3%83%ab%e3%82%aa%e3%83%bc%e3%83%90%e3%83%bc/brandproduct/poetique/0/TH21X01P/?cat=&swrd=> (referer: http://shop.axesfemme.com/Form/Product/ProductList.aspx?shop=0&cat=&bid=poetique&pid=&vid=&udns=0&swrd=&img=2&sort=07&cicon=&min=&max=&pno=1&dosp5)
Traceback (most recent call last):
  File "c:\users\kristy\appdata\local\programs\python\python36-32\lib\site-packages\scrapy\utils\defer.py", line 102, in iter_errback
    yield next(it)
  File "c:\users\kristy\appdata\local\programs\python\python36-32\lib\site-packages\scrapy\spidermiddlewares\offsite.py", line 29, in process_spider_output
    for x in result:
  File "c:\users\kristy\appdata\local\programs\python\python36-32\lib\site-packages\scrapy\spidermiddlewares\referer.py", line 22, in <genexpr>
    return (_set_referer(r) for r in result or ())
  File "c:\users\kristy\appdata\local\programs\python\python36-32\lib\site-packages\scrapy\spidermiddlewares\urllength.py", line 37, in <genexpr>
    return (r for r in result or () if _filter(r))
  File "c:\users\kristy\appdata\local\programs\python\python36-32\lib\site-packages\scrapy\spidermiddlewares\depth.py", line 58, in <genexpr>
    return (r for r in result or () if _filter(r))
  File "C:\Users\Kristy\PycharmProjects\study\scrapytest\scrapytest\spiders\oj1.py", line 64, in parse_item
    typ = axes_type.axes_type.type(typenum)
TypeError: type() missing 1 required positional argument: 'code'
2017-06-05 22:41:33 [scrapy.core.engine] DEBUG: Crawled (200) <GET http://shop.axesfemme.com/poetique-%e3%83%96%e3%83%bc%e3%82%b1%e3%83%aa%e3%83%9c%e3%83%b3%e5%88%ba%e7%b9%8d%e3%83%aa%e3%83%96%e3%83%97%e3%83%ab%e3%82%aa%e3%83%bc%e3%83%90%e3%83%bc/brandproduct/poetique/0/MK21X07P/?cat=&swrd=> (referer: http://shop.axesfemme.com/Form/Product/ProductList.aspx?shop=0&cat=&bid=poetique&pid=&vid=&udns=0&swrd=&img=2&sort=07&cicon=&min=&max=&pno=1&dosp5)
2017-06-05 22:41:33 [scrapy.core.engine] DEBUG: Crawled (200) <GET http://shop.axesfemme.com/poetique-%e3%83%8f%e3%83%bc%e3%83%88%e3%82%b7%e3%83%a7%e3%83%ab%e3%83%80%e3%83%bc%e3%83%90%e3%83%83%e3%82%b0/brandproduct/poetique/0/AK613X05P/?cat=350&swrd=> (referer: http://shop.axesfemme.com/Form/Product/ProductList.aspx?shop=0&cat=&bid=poetique&pid=&vid=&udns=0&swrd=&img=2&sort=07&cicon=&min=&max=&pno=1&dosp5)
2017-06-05 22:41:33 [scrapy.core.scraper] ERROR: Spider error processing <GET http://shop.axesfemme.com/poetique-%e3%83%96%e3%83%bc%e3%82%b1%e3%83%aa%e3%83%9c%e3%83%b3%e5%88%ba%e7%b9%8d%e3%83%aa%e3%83%96%e3%83%97%e3%83%ab%e3%82%aa%e3%83%bc%e3%83%90%e3%83%bc/brandproduct/poetique/0/MK21X07P/?cat=&swrd=> (referer: http://shop.axesfemme.com/Form/Product/ProductList.aspx?shop=0&cat=&bid=poetique&pid=&vid=&udns=0&swrd=&img=2&sort=07&cicon=&min=&max=&pno=1&dosp5)
Traceback (most recent call last):
  File "c:\users\kristy\appdata\local\programs\python\python36-32\lib\site-packages\scrapy\utils\defer.py", line 102, in iter_errback
    yield next(it)
  File "c:\users\kristy\appdata\local\programs\python\python36-32\lib\site-packages\scrapy\spidermiddlewares\offsite.py", line 29, in process_spider_output
    for x in result:
  File "c:\users\kristy\appdata\local\programs\python\python36-32\lib\site-packages\scrapy\spidermiddlewares\referer.py", line 22, in <genexpr>
    return (_set_referer(r) for r in result or ())
  File "c:\users\kristy\appdata\local\programs\python\python36-32\lib\site-packages\scrapy\spidermiddlewares\urllength.py", line 37, in <genexpr>
    return (r for r in result or () if _filter(r))
  File "c:\users\kristy\appdata\local\programs\python\python36-32\lib\site-packages\scrapy\spidermiddlewares\depth.py", line 58, in <genexpr>
    return (r for r in result or () if _filter(r))
  File "C:\Users\Kristy\PycharmProjects\study\scrapytest\scrapytest\spiders\oj1.py", line 64, in parse_item
    typ = axes_type.axes_type.type(typenum)
TypeError: type() missing 1 required positional argument: 'code'
2017-06-05 22:41:33 [scrapy.core.scraper] ERROR: Spider error processing <GET http://shop.axesfemme.com/poetique-%e3%83%8f%e3%83%bc%e3%83%88%e3%82%b7%e3%83%a7%e3%83%ab%e3%83%80%e3%83%bc%e3%83%90%e3%83%83%e3%82%b0/brandproduct/poetique/0/AK613X05P/?cat=350&swrd=> (referer: http://shop.axesfemme.com/Form/Product/ProductList.aspx?shop=0&cat=&bid=poetique&pid=&vid=&udns=0&swrd=&img=2&sort=07&cicon=&min=&max=&pno=1&dosp5)
Traceback (most recent call last):
  File "c:\users\kristy\appdata\local\programs\python\python36-32\lib\site-packages\scrapy\utils\defer.py", line 102, in iter_errback
    yield next(it)
  File "c:\users\kristy\appdata\local\programs\python\python36-32\lib\site-packages\scrapy\spidermiddlewares\offsite.py", line 29, in process_spider_output
    for x in result:
  File "c:\users\kristy\appdata\local\programs\python\python36-32\lib\site-packages\scrapy\spidermiddlewares\referer.py", line 22, in <genexpr>
    return (_set_referer(r) for r in result or ())
  File "c:\users\kristy\appdata\local\programs\python\python36-32\lib\site-packages\scrapy\spidermiddlewares\urllength.py", line 37, in <genexpr>
    return (r for r in result or () if _filter(r))
  File "c:\users\kristy\appdata\local\programs\python\python36-32\lib\site-packages\scrapy\spidermiddlewares\depth.py", line 58, in <genexpr>
    return (r for r in result or () if _filter(r))
  File "C:\Users\Kristy\PycharmProjects\study\scrapytest\scrapytest\spiders\oj1.py", line 64, in parse_item
    typ = axes_type.axes_type.type(typenum)
TypeError: type() missing 1 required positional argument: 'code'
2017-06-05 22:41:33 [scrapy.core.engine] INFO: Closing spider (finished)
2017-06-05 22:41:33 [scrapy.statscollectors] INFO: Dumping Scrapy stats:
{'downloader/request_bytes': 19420,
 'downloader/request_count': 31,
 'downloader/request_method_count/GET': 31,
 'downloader/response_bytes': 1173086,
 'downloader/response_count': 31,
 'downloader/response_status_count/200': 30,
 'downloader/response_status_count/302': 1,
 'dupefilter/filtered': 110,
 'finish_reason': 'finished',
 'finish_time': datetime.datetime(2017, 6, 5, 14, 41, 33, 212127),
 'log_count/DEBUG': 33,
 'log_count/ERROR': 22,
 'log_count/INFO': 7,
 'request_depth_max': 2,
 'response_received_count': 30,
 'scheduler/dequeued': 29,
 'scheduler/dequeued/memory': 29,
 'scheduler/enqueued': 29,
 'scheduler/enqueued/memory': 29,
 'spider_exceptions/TypeError': 22,
 'start_time': datetime.datetime(2017, 6, 5, 14, 41, 20, 361319)}
2017-06-05 22:41:33 [scrapy.core.engine] INFO: Spider closed (finished)
2017-06-05 22:46:02 [scrapy.utils.log] INFO: Scrapy 1.3.3 started (bot: scrapytest)
2017-06-05 22:46:02 [scrapy.utils.log] INFO: Overridden settings: {'BOT_NAME': 'scrapytest', 'LOG_FILE': 'info0605.log', 'NEWSPIDER_MODULE': 'scrapytest.spiders', 'ROBOTSTXT_OBEY': True, 'SPIDER_MODULES': ['scrapytest.spiders']}
2017-06-05 22:46:02 [scrapy.middleware] INFO: Enabled extensions:
['scrapy.extensions.corestats.CoreStats',
 'scrapy.extensions.telnet.TelnetConsole',
 'scrapy.extensions.logstats.LogStats']
2017-06-05 22:46:03 [scrapy.middleware] INFO: Enabled downloader middlewares:
['scrapy.downloadermiddlewares.robotstxt.RobotsTxtMiddleware',
 'scrapy.downloadermiddlewares.httpauth.HttpAuthMiddleware',
 'scrapy.downloadermiddlewares.downloadtimeout.DownloadTimeoutMiddleware',
 'scrapy.downloadermiddlewares.defaultheaders.DefaultHeadersMiddleware',
 'scrapy.downloadermiddlewares.useragent.UserAgentMiddleware',
 'scrapy.downloadermiddlewares.retry.RetryMiddleware',
 'scrapy.downloadermiddlewares.redirect.MetaRefreshMiddleware',
 'scrapy.downloadermiddlewares.httpcompression.HttpCompressionMiddleware',
 'scrapy.downloadermiddlewares.redirect.RedirectMiddleware',
 'scrapy.downloadermiddlewares.cookies.CookiesMiddleware',
 'scrapy.downloadermiddlewares.stats.DownloaderStats']
2017-06-05 22:46:03 [scrapy.middleware] INFO: Enabled spider middlewares:
['scrapy.spidermiddlewares.httperror.HttpErrorMiddleware',
 'scrapy.spidermiddlewares.offsite.OffsiteMiddleware',
 'scrapy.spidermiddlewares.referer.RefererMiddleware',
 'scrapy.spidermiddlewares.urllength.UrlLengthMiddleware',
 'scrapy.spidermiddlewares.depth.DepthMiddleware']
2017-06-05 22:46:03 [scrapy.middleware] INFO: Enabled item pipelines:
['scrapytest.pipelines.axespipeline']
2017-06-05 22:46:03 [scrapy.core.engine] INFO: Spider opened
2017-06-05 22:46:03 [scrapy.extensions.logstats] INFO: Crawled 0 pages (at 0 pages/min), scraped 0 items (at 0 items/min)
2017-06-05 22:46:03 [scrapy.extensions.telnet] DEBUG: Telnet console listening on 127.0.0.1:6023
2017-06-05 22:46:16 [scrapy.downloadermiddlewares.redirect] DEBUG: Redirecting (302) to <GET http://shop.axesfemme.com/Form/Error.aspx?errkbn=ERRMSG_404_ERROR> from <GET http://shop.axesfemme.com/robots.txt>
2017-06-05 22:46:18 [scrapy.core.engine] DEBUG: Crawled (200) <GET http://shop.axesfemme.com/Form/Error.aspx?errkbn=ERRMSG_404_ERROR> (referer: None)
2017-06-05 22:46:22 [scrapy.core.engine] DEBUG: Crawled (200) <GET http://shop.axesfemme.com/Form/Product/ProductList.aspx?shop=0&cat=&bid=poetique&pid=&vid=&udns=0&swrd=&img=2&sort=07&cicon=&min=&max=&pno=1&dosp=> (referer: None)
2017-06-05 22:46:22 [scrapy.core.scraper] ERROR: Spider error processing <GET http://shop.axesfemme.com/Form/Product/ProductList.aspx?shop=0&cat=&bid=poetique&pid=&vid=&udns=0&swrd=&img=2&sort=07&cicon=&min=&max=&pno=1&dosp=> (referer: None)
Traceback (most recent call last):
  File "c:\users\kristy\appdata\local\programs\python\python36-32\lib\site-packages\twisted\internet\defer.py", line 653, in _runCallbacks
    current.result = callback(current.result, *args, **kw)
  File "c:\users\kristy\appdata\local\programs\python\python36-32\lib\site-packages\scrapy\spiders\__init__.py", line 76, in parse
    raise NotImplementedError
NotImplementedError
2017-06-05 22:46:22 [scrapy.core.engine] INFO: Closing spider (finished)
2017-06-05 22:46:22 [scrapy.statscollectors] INFO: Dumping Scrapy stats:
{'downloader/request_bytes': 995,
 'downloader/request_count': 3,
 'downloader/request_method_count/GET': 3,
 'downloader/response_bytes': 53750,
 'downloader/response_count': 3,
 'downloader/response_status_count/200': 2,
 'downloader/response_status_count/302': 1,
 'finish_reason': 'finished',
 'finish_time': datetime.datetime(2017, 6, 5, 14, 46, 22, 710000),
 'log_count/DEBUG': 4,
 'log_count/ERROR': 1,
 'log_count/INFO': 7,
 'response_received_count': 2,
 'scheduler/dequeued': 1,
 'scheduler/dequeued/memory': 1,
 'scheduler/enqueued': 1,
 'scheduler/enqueued/memory': 1,
 'spider_exceptions/NotImplementedError': 1,
 'start_time': datetime.datetime(2017, 6, 5, 14, 46, 3, 276597)}
2017-06-05 22:46:22 [scrapy.core.engine] INFO: Spider closed (finished)
2017-06-05 22:47:58 [scrapy.utils.log] INFO: Scrapy 1.3.3 started (bot: scrapytest)
2017-06-05 22:47:58 [scrapy.utils.log] INFO: Overridden settings: {'BOT_NAME': 'scrapytest', 'LOG_FILE': 'info0605.log', 'NEWSPIDER_MODULE': 'scrapytest.spiders', 'ROBOTSTXT_OBEY': True, 'SPIDER_MODULES': ['scrapytest.spiders']}
2017-06-05 22:47:58 [scrapy.middleware] INFO: Enabled extensions:
['scrapy.extensions.corestats.CoreStats',
 'scrapy.extensions.telnet.TelnetConsole',
 'scrapy.extensions.logstats.LogStats']
2017-06-05 22:47:58 [scrapy.middleware] INFO: Enabled downloader middlewares:
['scrapy.downloadermiddlewares.robotstxt.RobotsTxtMiddleware',
 'scrapy.downloadermiddlewares.httpauth.HttpAuthMiddleware',
 'scrapy.downloadermiddlewares.downloadtimeout.DownloadTimeoutMiddleware',
 'scrapy.downloadermiddlewares.defaultheaders.DefaultHeadersMiddleware',
 'scrapy.downloadermiddlewares.useragent.UserAgentMiddleware',
 'scrapy.downloadermiddlewares.retry.RetryMiddleware',
 'scrapy.downloadermiddlewares.redirect.MetaRefreshMiddleware',
 'scrapy.downloadermiddlewares.httpcompression.HttpCompressionMiddleware',
 'scrapy.downloadermiddlewares.redirect.RedirectMiddleware',
 'scrapy.downloadermiddlewares.cookies.CookiesMiddleware',
 'scrapy.downloadermiddlewares.stats.DownloaderStats']
2017-06-05 22:47:58 [scrapy.middleware] INFO: Enabled spider middlewares:
['scrapy.spidermiddlewares.httperror.HttpErrorMiddleware',
 'scrapy.spidermiddlewares.offsite.OffsiteMiddleware',
 'scrapy.spidermiddlewares.referer.RefererMiddleware',
 'scrapy.spidermiddlewares.urllength.UrlLengthMiddleware',
 'scrapy.spidermiddlewares.depth.DepthMiddleware']
2017-06-05 22:47:59 [scrapy.middleware] INFO: Enabled item pipelines:
['scrapytest.pipelines.axespipeline']
2017-06-05 22:47:59 [scrapy.core.engine] INFO: Spider opened
2017-06-05 22:47:59 [scrapy.extensions.logstats] INFO: Crawled 0 pages (at 0 pages/min), scraped 0 items (at 0 items/min)
2017-06-05 22:47:59 [scrapy.extensions.telnet] DEBUG: Telnet console listening on 127.0.0.1:6023
2017-06-05 22:47:59 [scrapy.downloadermiddlewares.redirect] DEBUG: Redirecting (302) to <GET http://shop.axesfemme.com/Form/Error.aspx?errkbn=ERRMSG_404_ERROR> from <GET http://shop.axesfemme.com/robots.txt>
2017-06-05 22:48:00 [scrapy.core.engine] DEBUG: Crawled (200) <GET http://shop.axesfemme.com/Form/Error.aspx?errkbn=ERRMSG_404_ERROR> (referer: None)
2017-06-05 22:48:00 [scrapy.core.engine] DEBUG: Crawled (200) <GET http://shop.axesfemme.com/Form/Product/ProductList.aspx?shop=0&cat=&bid=poetique&pid=&vid=&udns=0&swrd=&img=2&sort=07&cicon=&min=&max=&pno=1&dosp=> (referer: None)
2017-06-05 22:48:00 [scrapy.core.scraper] ERROR: Spider error processing <GET http://shop.axesfemme.com/Form/Product/ProductList.aspx?shop=0&cat=&bid=poetique&pid=&vid=&udns=0&swrd=&img=2&sort=07&cicon=&min=&max=&pno=1&dosp=> (referer: None)
Traceback (most recent call last):
  File "c:\users\kristy\appdata\local\programs\python\python36-32\lib\site-packages\twisted\internet\defer.py", line 653, in _runCallbacks
    current.result = callback(current.result, *args, **kw)
  File "c:\users\kristy\appdata\local\programs\python\python36-32\lib\site-packages\scrapy\spiders\__init__.py", line 76, in parse
    raise NotImplementedError
NotImplementedError
2017-06-05 22:48:00 [scrapy.core.engine] INFO: Closing spider (finished)
2017-06-05 22:48:00 [scrapy.statscollectors] INFO: Dumping Scrapy stats:
{'downloader/request_bytes': 995,
 'downloader/request_count': 3,
 'downloader/request_method_count/GET': 3,
 'downloader/response_bytes': 53739,
 'downloader/response_count': 3,
 'downloader/response_status_count/200': 2,
 'downloader/response_status_count/302': 1,
 'finish_reason': 'finished',
 'finish_time': datetime.datetime(2017, 6, 5, 14, 48, 0, 871440),
 'log_count/DEBUG': 4,
 'log_count/ERROR': 1,
 'log_count/INFO': 7,
 'response_received_count': 2,
 'scheduler/dequeued': 1,
 'scheduler/dequeued/memory': 1,
 'scheduler/enqueued': 1,
 'scheduler/enqueued/memory': 1,
 'spider_exceptions/NotImplementedError': 1,
 'start_time': datetime.datetime(2017, 6, 5, 14, 47, 59, 137893)}
2017-06-05 22:48:00 [scrapy.core.engine] INFO: Spider closed (finished)
